<?xml version="1.0" encoding="UTF-8" ?>
<testsuites disabled="0" errors="0" failures="1" tests="1" time="53.522">
 <testsuite name="Health Check Test" timestamp="2022-02-09T18:37:55" hostname="localhost" time="53.522" errors="0" tests="1" skipped="0" disabled="0" failures="1">
  <testcase classname="Health Check Test" name="T1 - Navigate to Reporting menu and verify &quot;Account Manager&quot; sub menu item is appearing. - [22426349]" time="50.359">
   <failure type="exception" message="Failed: By(css selector, *[id=&quot;mainAdmin&quot;])Element should be visible
Wait timed out after 50021ms"><![CDATA[TimeoutError: By(css selector, *[id="mainAdmin"])Element should be visible
Wait timed out after 50021ms
    at C:\Work\Repository\templates-exposicao\my-money-app-test-js\node_modules\selenium-webdriver\lib\promise.js:2201:17
    at runMicrotasks (<anonymous>)
    at processTicksAndRejections (node:internal/process/task_queues:96:5)
From asynchronous test: 
Error
    at Suite.<anonymous> (C:\Work\Repository\templates-exposicao\my-money-app-test-js\e2e\test-suites\health-check-test-suite\login\login.e2e-spec.ts:23:3)
    at addSpecsToSuite (C:\Work\Repository\templates-exposicao\my-money-app-test-js\node_modules\protractor\node_modules\jasmine-core\lib\jasmine-core\jasmine.js:1107:25)
    at Env.describe (C:\Work\Repository\templates-exposicao\my-money-app-test-js\node_modules\protractor\node_modules\jasmine-core\lib\jasmine-core\jasmine.js:1074:7)
    at describe (C:\Work\Repository\templates-exposicao\my-money-app-test-js\node_modules\protractor\node_modules\jasmine-core\lib\jasmine-core\jasmine.js:4399:18)
    at Object.<anonymous> (C:\Work\Repository\templates-exposicao\my-money-app-test-js\e2e\test-suites\health-check-test-suite\login\login.e2e-spec.ts:8:1)
    at Module._compile (node:internal/modules/cjs/loader:1101:14)
    at Module.m._compile (C:\Work\Repository\templates-exposicao\my-money-app-test-js\node_modules\ts-node\src\index.ts:1459:23)
    at Module._extensions..js (node:internal/modules/cjs/loader:1153:10)
    at Object.require.extensions.<computed> [as .ts] (C:\Work\Repository\templates-exposicao\my-money-app-test-js\node_modules\ts-node\src\index.ts:1462:12)]]>
   </failure>
  </testcase>
 </testsuite>
</testsuites>