<?xml version="1.0" encoding="UTF-8" ?>
<testsuites disabled="0" errors="0" failures="1" tests="1" time="4.239">
 <testsuite name="Health Check Test" timestamp="2022-02-10T12:58:47" hostname="localhost" time="4.239" errors="0" tests="1" skipped="0" disabled="0" failures="1">
  <testcase classname="Health Check Test" name="Open My Money App and logit to application. - [1001]" time="0.969">
   <failure type="exception" message="Failed: each key must be a number of string; got undefined"><![CDATA[TypeError: each key must be a number of string; got undefined
    at C:\Work\Repository\templates-exposicao\my-money-app-test-js\node_modules\selenium-webdriver\lib\webdriver.js:2162:21
    at Array.forEach (<anonymous>)
    at C:\Work\Repository\templates-exposicao\my-money-app-test-js\node_modules\selenium-webdriver\lib\webdriver.js:2157:16
    at processTicksAndRejections (node:internal/process/task_queues:96:5)Error
    at ElementArrayFinder.applyAction_ (C:\Work\Repository\templates-exposicao\my-money-app-test-js\node_modules\protractor\built\element.js:459:27)
    at ElementArrayFinder.<computed> [as sendKeys] (C:\Work\Repository\templates-exposicao\my-money-app-test-js\node_modules\protractor\built\element.js:91:29)
    at ElementFinder.<computed> [as sendKeys] (C:\Work\Repository\templates-exposicao\my-money-app-test-js\node_modules\protractor\built\element.js:831:22)
    at Function.<anonymous> (C:\Work\Repository\templates-exposicao\my-money-app-test-js\e2e\components\html\textbox-helper.ts:39:27)
    at step (C:\Work\Repository\templates-exposicao\my-money-app-test-js\e2e\components\html\textbox-helper.ts:33:23)
    at Object.next (C:\Work\Repository\templates-exposicao\my-money-app-test-js\e2e\components\html\textbox-helper.ts:14:53)
    at fulfilled (C:\Work\Repository\templates-exposicao\my-money-app-test-js\e2e\components\html\textbox-helper.ts:5:58)
    at processTicksAndRejections (node:internal/process/task_queues:96:5)
From asynchronous test: 
Error
    at Suite.<anonymous> (C:\Work\Repository\templates-exposicao\my-money-app-test-js\e2e\test-suites\health-check-test-suite\login\login.e2e-spec.ts:21:3)
    at addSpecsToSuite (C:\Work\Repository\templates-exposicao\my-money-app-test-js\node_modules\protractor\node_modules\jasmine-core\lib\jasmine-core\jasmine.js:1107:25)
    at Env.describe (C:\Work\Repository\templates-exposicao\my-money-app-test-js\node_modules\protractor\node_modules\jasmine-core\lib\jasmine-core\jasmine.js:1074:7)
    at describe (C:\Work\Repository\templates-exposicao\my-money-app-test-js\node_modules\protractor\node_modules\jasmine-core\lib\jasmine-core\jasmine.js:4399:18)
    at Object.<anonymous> (C:\Work\Repository\templates-exposicao\my-money-app-test-js\e2e\test-suites\health-check-test-suite\login\login.e2e-spec.ts:7:1)
    at Module._compile (node:internal/modules/cjs/loader:1101:14)
    at Module.m._compile (C:\Work\Repository\templates-exposicao\my-money-app-test-js\node_modules\ts-node\src\index.ts:1459:23)
    at Module._extensions..js (node:internal/modules/cjs/loader:1153:10)
    at Object.require.extensions.<computed> [as .ts] (C:\Work\Repository\templates-exposicao\my-money-app-test-js\node_modules\ts-node\src\index.ts:1462:12)]]>
   </failure>
  </testcase>
 </testsuite>
</testsuites>