<?xml version="1.0" encoding="UTF-8" ?>
<testsuites disabled="4" errors="0" failures="0" tests="5" time="8.37">
 <testsuite name="Regression Test" timestamp="2022-02-10T16:59:12" hostname="localhost" time="8.364" errors="0" tests="2" skipped="0" disabled="1" failures="0">
  <testcase classname="Regression Test" name="Add a Payment Cycle. - [1005]" time="6.436" />
  <testcase classname="Regression Test" name="Dashboard Consolidated value check. - [1004]" time="0.001">
   <skipped />
  </testcase>
 </testsuite>
 <testsuite name="Regression Test" timestamp="2022-02-10T16:59:21" hostname="localhost" time="0.002" errors="0" tests="1" skipped="0" disabled="1" failures="0">
  <testcase classname="Regression Test" name="Dashboard Consolidated value check. - [1003]" time="0">
   <skipped />
  </testcase>
 </testsuite>
 <testsuite name="Smoke Test" timestamp="2022-02-10T16:59:21" hostname="localhost" time="0.002" errors="0" tests="1" skipped="0" disabled="1" failures="0">
  <testcase classname="Smoke Test" name="Open My Money App and login to application. - [1001]" time="0.001">
   <skipped />
  </testcase>
 </testsuite>
 <testsuite name="Health Check Test" timestamp="2022-02-10T16:59:21" hostname="localhost" time="0.002" errors="0" tests="1" skipped="0" disabled="1" failures="0">
  <testcase classname="Health Check Test" name="User Open My Money App and Sign up to application. - [1002]" time="0.001">
   <skipped />
  </testcase>
 </testsuite>
</testsuites>