<?xml version="1.0" encoding="UTF-8" ?>
<testsuites disabled="2" errors="0" failures="1" tests="3" time="4.615">
 <testsuite name="Regression Test" timestamp="2022-02-10T15:42:00" hostname="localhost" time="4.611" errors="0" tests="1" skipped="0" disabled="0" failures="1">
  <testcase classname="Regression Test" name="Dashboard Consolidated value check. - [1004]" time="2.534">
   <failure type="toEqual" message="Expected 9 to equal 0."><![CDATA[Error: Failed expectation
    at Function.<anonymous> (C:\Work\Repository\templates-exposicao\my-money-app-test-js\e2e\components\misc-utils\expectation-helper.ts:348:31)
    at step (C:\Work\Repository\templates-exposicao\my-money-app-test-js\e2e\components\misc-utils\expectation-helper.ts:33:23)
    at Object.next (C:\Work\Repository\templates-exposicao\my-money-app-test-js\e2e\components\misc-utils\expectation-helper.ts:14:53)
    at C:\Work\Repository\templates-exposicao\my-money-app-test-js\e2e\components\misc-utils\expectation-helper.ts:8:71
    at new Promise (<anonymous>)
    at __awaiter (C:\Work\Repository\templates-exposicao\my-money-app-test-js\e2e\components\misc-utils\expectation-helper.ts:4:12)
    at Function.ExpectationHelper.verifyNumberValueEqualTo (C:\Work\Repository\templates-exposicao\my-money-app-test-js\e2e\components\misc-utils\expectation-helper.ts:500:16)
    at Function.<anonymous> (C:\Work\Repository\templates-exposicao\my-money-app-test-js\e2e\page-objects\pages\dashboard-page\dashboard-page.helper.ts:81:29)
    at step (C:\Work\Repository\templates-exposicao\my-money-app-test-js\e2e\page-objects\pages\dashboard-page\dashboard-page.helper.ts:48:23)]]>
   </failure>
  </testcase>
 </testsuite>
 <testsuite name="Smoke Test" timestamp="2022-02-10T15:42:04" hostname="localhost" time="0.002" errors="0" tests="1" skipped="0" disabled="1" failures="0">
  <testcase classname="Smoke Test" name="Open My Money App and login to application. - [1001]" time="0">
   <skipped />
  </testcase>
 </testsuite>
 <testsuite name="Health Check Test" timestamp="2022-02-10T15:42:04" hostname="localhost" time="0.002" errors="0" tests="1" skipped="0" disabled="1" failures="0">
  <testcase classname="Health Check Test" name="User Open My Money App and Sign up to application. - [1003]" time="0">
   <skipped />
  </testcase>
 </testsuite>
</testsuites>