<?xml version="1.0" encoding="UTF-8" ?>
<testsuites disabled="4" errors="0" failures="1" tests="5" time="58.665">
 <testsuite name="Regression Test" timestamp="2022-02-10T16:47:56" hostname="localhost" time="58.646" errors="0" tests="2" skipped="0" disabled="1" failures="1">
  <testcase classname="Regression Test" name="Add a Payment Cycle. - [1005]" time="56.701">
   <failure type="exception" message="Failed: By(xpath, //div[@id=&apos;tabList&apos;]
         //td[count(//table/thead/tr/th[.=&apos;Name&apos;]/preceding-sibling::th)+1][normalize-space()=&apos;Janet Wyman&apos;])Element should be visible
Wait timed out after 50023ms"><![CDATA[TimeoutError: By(xpath, //div[@id='tabList']
         //td[count(//table/thead/tr/th[.='Name']/preceding-sibling::th)+1][normalize-space()='Janet Wyman'])Element should be visible
Wait timed out after 50023ms
    at C:\Work\Repository\templates-exposicao\my-money-app-test-js\node_modules\selenium-webdriver\lib\promise.js:2201:17
    at runMicrotasks (<anonymous>)
    at processTicksAndRejections (node:internal/process/task_queues:96:5)
From asynchronous test: 
Error
    at Suite.<anonymous> (C:\Work\Repository\templates-exposicao\my-money-app-test-js\e2e\test-suites\e2e-test-suite\payment-cycle\payment-cycle.e2e-spec.ts:43:3)
    at addSpecsToSuite (C:\Work\Repository\templates-exposicao\my-money-app-test-js\node_modules\protractor\node_modules\jasmine-core\lib\jasmine-core\jasmine.js:1107:25)
    at Env.describe (C:\Work\Repository\templates-exposicao\my-money-app-test-js\node_modules\protractor\node_modules\jasmine-core\lib\jasmine-core\jasmine.js:1074:7)
    at describe (C:\Work\Repository\templates-exposicao\my-money-app-test-js\node_modules\protractor\node_modules\jasmine-core\lib\jasmine-core\jasmine.js:4399:18)
    at Object.<anonymous> (C:\Work\Repository\templates-exposicao\my-money-app-test-js\e2e\test-suites\e2e-test-suite\payment-cycle\payment-cycle.e2e-spec.ts:9:1)
    at Module._compile (node:internal/modules/cjs/loader:1101:14)
    at Module.m._compile (C:\Work\Repository\templates-exposicao\my-money-app-test-js\node_modules\ts-node\src\index.ts:1459:23)
    at Module._extensions..js (node:internal/modules/cjs/loader:1153:10)
    at Object.require.extensions.<computed> [as .ts] (C:\Work\Repository\templates-exposicao\my-money-app-test-js\node_modules\ts-node\src\index.ts:1462:12)]]>
   </failure>
  </testcase>
  <testcase classname="Regression Test" name="Dashboard Consolidated value check. - [1004]" time="0.001">
   <skipped />
  </testcase>
 </testsuite>
 <testsuite name="Regression Test" timestamp="2022-02-10T16:48:55" hostname="localhost" time="0.004" errors="0" tests="1" skipped="0" disabled="1" failures="0">
  <testcase classname="Regression Test" name="Dashboard Consolidated value check. - [1003]" time="0.001">
   <skipped />
  </testcase>
 </testsuite>
 <testsuite name="Smoke Test" timestamp="2022-02-10T16:48:55" hostname="localhost" time="0.009" errors="0" tests="1" skipped="0" disabled="1" failures="0">
  <testcase classname="Smoke Test" name="Open My Money App and login to application. - [1001]" time="0.001">
   <skipped />
  </testcase>
 </testsuite>
 <testsuite name="Health Check Test" timestamp="2022-02-10T16:48:55" hostname="localhost" time="0.006" errors="0" tests="1" skipped="0" disabled="1" failures="0">
  <testcase classname="Health Check Test" name="User Open My Money App and Sign up to application. - [1002]" time="0">
   <skipped />
  </testcase>
 </testsuite>
</testsuites>