<?xml version="1.0" encoding="UTF-8" ?>
<testsuites disabled="4" errors="0" failures="1" tests="5" time="3.988">
 <testsuite name="Regression Test" timestamp="2022-02-10T16:23:11" hostname="localhost" time="3.957" errors="0" tests="2" skipped="0" disabled="1" failures="1">
  <testcase classname="Regression Test" name="Add a Payment Cycle. - [1005]" time="1.848">
   <failure type="exception" message="Error: ECONNREFUSED connect ECONNREFUSED 127.0.0.1:64301"><![CDATA[Error: ECONNREFUSED connect ECONNREFUSED 127.0.0.1:64301
    at ClientRequest.<anonymous> (C:\Work\Repository\templates-exposicao\my-money-app-test-js\node_modules\selenium-webdriver\http\index.js:238:15)
    at ClientRequest.emit (node:events:390:28)
    at ClientRequest.emit (node:domain:475:12)
    at Socket.socketErrorListener (node:_http_client:447:9)
    at Socket.emit (node:events:390:28)
    at Socket.emit (node:domain:475:12)
    at emitErrorNT (node:internal/streams/destroy:157:8)
    at emitErrorCloseNT (node:internal/streams/destroy:122:3)
    at processTicksAndRejections (node:internal/process/task_queues:83:21)]]>
   </failure>
  </testcase>
  <testcase classname="Regression Test" name="Dashboard Consolidated value check. - [1004]" time="0.002">
   <skipped />
  </testcase>
 </testsuite>
 <testsuite name="Regression Test" timestamp="2022-02-10T16:23:15" hostname="localhost" time="0.012" errors="0" tests="1" skipped="0" disabled="1" failures="0">
  <testcase classname="Regression Test" name="Dashboard Consolidated value check. - [1003]" time="0.005">
   <skipped />
  </testcase>
 </testsuite>
 <testsuite name="Smoke Test" timestamp="2022-02-10T16:23:15" hostname="localhost" time="0.01" errors="0" tests="1" skipped="0" disabled="1" failures="0">
  <testcase classname="Smoke Test" name="Open My Money App and login to application. - [1001]" time="0.006">
   <skipped />
  </testcase>
 </testsuite>
 <testsuite name="Health Check Test" timestamp="2022-02-10T16:23:15" hostname="localhost" time="0.009" errors="0" tests="1" skipped="0" disabled="1" failures="0">
  <testcase classname="Health Check Test" name="User Open My Money App and Sign up to application. - [1002]" time="0.004">
   <skipped />
  </testcase>
 </testsuite>
</testsuites>