<?xml version="1.0" encoding="UTF-8" ?>
<testsuites disabled="4" errors="0" failures="1" tests="5" time="4.114">
 <testsuite name="Regression Test" timestamp="2022-02-10T16:30:44" hostname="localhost" time="4.089" errors="0" tests="2" skipped="0" disabled="1" failures="1">
  <testcase classname="Regression Test" name="Add a Payment Cycle. - [1005]" time="2.068">
   <failure type="exception" message="NoSuchElementError: No element found using locator: By(xpath, //button[normalize-space()=&apos;Save&apos;])"><![CDATA[NoSuchElementError: No element found using locator: By(xpath, //button[normalize-space()='Save'])
    at C:\Work\Repository\templates-exposicao\my-money-app-test-js\node_modules\protractor\built\element.js:814:27
    at processTicksAndRejections (node:internal/process/task_queues:96:5)]]>
   </failure>
  </testcase>
  <testcase classname="Regression Test" name="Dashboard Consolidated value check. - [1004]" time="0.001">
   <skipped />
  </testcase>
 </testsuite>
 <testsuite name="Regression Test" timestamp="2022-02-10T16:30:48" hostname="localhost" time="0.015" errors="0" tests="1" skipped="0" disabled="1" failures="0">
  <testcase classname="Regression Test" name="Dashboard Consolidated value check. - [1003]" time="0.006">
   <skipped />
  </testcase>
 </testsuite>
 <testsuite name="Smoke Test" timestamp="2022-02-10T16:30:48" hostname="localhost" time="0.007" errors="0" tests="1" skipped="0" disabled="1" failures="0">
  <testcase classname="Smoke Test" name="Open My Money App and login to application. - [1001]" time="0.004">
   <skipped />
  </testcase>
 </testsuite>
 <testsuite name="Health Check Test" timestamp="2022-02-10T16:30:48" hostname="localhost" time="0.003" errors="0" tests="1" skipped="0" disabled="1" failures="0">
  <testcase classname="Health Check Test" name="User Open My Money App and Sign up to application. - [1002]" time="0.001">
   <skipped />
  </testcase>
 </testsuite>
</testsuites>